  Assembling test.asm...
test.asm(1): error A2008: syntax error : .
test.asm(2): error A2008: syntax error : .
test.asm(10): error A2008: syntax error : printf
test.asm(12): error A2008: syntax error : start
test.asm(12): error A2088: END directive required at end of file
C:\Program Files\Microsoft Visual Studio\2022\Community\MSBuild\Microsoft\VC\v170\BuildCustomizations\masm.targets(70,5): error MSB3721: 命令“ml64.exe /c /nologo /Zi /Fo"x64\Debug\test.obj" /I "C:\masm32\include" /W3 /errorReport:prompt  /Tatest.asm”已退出，返回代码为 1。
